{
  "RSpec": {
    "coverage": {
      "/home/vincent/workspace/arkaan/lib/arkaan.rb": [
        1,
        1,
        1,
        null,
        null,
        null,
        1,
        1,
        1,
        1,
        1,
        1,
        1,
        null
      ],
      "/home/vincent/workspace/arkaan/lib/arkaan/account.rb": [
        1,
        null,
        null,
        1,
        1,
        1,
        1,
        null,
        null,
        null,
        1,
        null,
        null,
        1,
        null,
        null,
        1,
        null,
        null,
        1,
        null,
        null,
        1,
        null,
        null,
        1,
        null,
        null,
        null,
        null,
        null,
        1,
        null,
        null,
        null,
        1,
        null,
        null,
        1,
        null,
        null,
        1,
        null,
        null,
        1,
        null,
        1,
        null,
        1,
        null,
        1,
        null,
        null,
        null,
        null,
        1,
        null,
        null,
        null,
        null,
        1,
        null,
        null,
        null,
        1,
        null,
        null,
        null
      ],
      "/home/vincent/workspace/arkaan/lib/arkaan/authentication.rb": [
        1,
        1,
        1,
        null,
        null
      ],
      "/home/vincent/workspace/arkaan/lib/arkaan/authentication/session.rb": [
        1,
        1,
        1,
        1,
        1,
        null,
        1,
        null,
        1,
        null,
        1,
        null,
        1,
        null,
        null,
        null,
        null,
        1,
        null,
        null,
        null,
        null
      ],
      "/home/vincent/workspace/arkaan/lib/arkaan/monitoring.rb": [
        1,
        null,
        null,
        1,
        1,
        1,
        1,
        null,
        null
      ],
      "/home/vincent/workspace/arkaan/lib/arkaan/monitoring/gateway.rb": [
        1,
        1,
        null,
        null,
        1,
        1,
        1,
        1,
        1,
        null,
        null,
        null,
        1,
        null,
        null,
        1,
        null,
        3,
        null,
        1,
        null,
        1,
        null,
        null,
        null,
        null,
        null
      ],
      "/home/vincent/workspace/arkaan/lib/arkaan/concerns.rb": [
        1,
        null,
        null,
        1,
        1,
        1,
        1,
        null,
        null
      ],
      "/home/vincent/workspace/arkaan/lib/arkaan/concerns/activable.rb": [
        1,
        1,
        null,
        null,
        1,
        1,
        null,
        1,
        null,
        null,
        3,
        null,
        9,
        9,
        null,
        null,
        null,
        null
      ],
      "/home/vincent/workspace/arkaan/lib/arkaan/concerns/diagnosticable.rb": [
        1,
        1,
        null,
        null,
        1,
        1,
        null,
        null,
        null,
        1,
        null,
        null,
        1,
        null,
        null,
        2,
        null,
        2,
        null,
        null,
        null,
        null,
        null,
        null,
        null,
        null
      ],
      "/home/vincent/workspace/arkaan/lib/arkaan/monitoring/instance.rb": [
        1,
        1,
        null,
        null,
        1,
        1,
        1,
        1,
        null,
        null,
        null,
        1,
        null,
        null,
        1,
        null,
        4,
        null,
        null,
        null,
        1,
        null,
        1,
        null,
        null,
        null,
        null,
        null
      ],
      "/home/vincent/workspace/arkaan/lib/arkaan/monitoring/service.rb": [
        1,
        1,
        null,
        null,
        1,
        1,
        1,
        1,
        1,
        null,
        null,
        null,
        1,
        null,
        null,
        1,
        null,
        1,
        null,
        null,
        null,
        1,
        null,
        null,
        1,
        null,
        1,
        null,
        1,
        null,
        null,
        null
      ],
      "/home/vincent/workspace/arkaan/lib/arkaan/oauth.rb": [
        1,
        null,
        null,
        1,
        1,
        1,
        1,
        1,
        null,
        null
      ],
      "/home/vincent/workspace/arkaan/lib/arkaan/oauth/access_token.rb": [
        1,
        1,
        null,
        null,
        1,
        1,
        1,
        null,
        null,
        null,
        11,
        null,
        null,
        1,
        null,
        null,
        null,
        1,
        null,
        1,
        null,
        null,
        null
      ],
      "/home/vincent/workspace/arkaan/lib/arkaan/oauth/application.rb": [
        1,
        1,
        null,
        null,
        1,
        1,
        1,
        null,
        null,
        null,
        1,
        null,
        null,
        43,
        null,
        null,
        1,
        null,
        null,
        null,
        1,
        null,
        null,
        1,
        null,
        1,
        null,
        1,
        null,
        null,
        null
      ],
      "/home/vincent/workspace/arkaan/lib/arkaan/oauth/authorization.rb": [
        1,
        1,
        null,
        null,
        1,
        1,
        1,
        null,
        null,
        null,
        28,
        null,
        null,
        null,
        1,
        null,
        null,
        1,
        null,
        null,
        1,
        null,
        1,
        null,
        null,
        null
      ],
      "/home/vincent/workspace/arkaan/lib/arkaan/oauth/refresh_token.rb": [
        1,
        1,
        null,
        null,
        1,
        1,
        1,
        null,
        null,
        null,
        8,
        null,
        null,
        null,
        1,
        null,
        null,
        null
      ],
      "/home/vincent/workspace/arkaan/lib/arkaan/permissions.rb": [
        1,
        null,
        null,
        null,
        1,
        1,
        1,
        1,
        null,
        null
      ],
      "/home/vincent/workspace/arkaan/lib/arkaan/permissions/category.rb": [
        1,
        1,
        null,
        null,
        1,
        1,
        1,
        1,
        null,
        1,
        null,
        null,
        null
      ],
      "/home/vincent/workspace/arkaan/lib/arkaan/concerns/sluggable.rb": [
        1,
        1,
        null,
        null,
        1,
        1,
        null,
        null,
        null,
        1,
        null,
        null,
        1,
        null,
        null,
        3,
        null,
        3,
        null,
        null,
        null,
        null,
        null,
        null,
        null,
        null,
        null
      ],
      "/home/vincent/workspace/arkaan/lib/arkaan/permissions/group.rb": [
        1,
        1,
        null,
        null,
        1,
        1,
        1,
        1,
        null,
        null,
        null,
        1,
        null,
        null,
        1,
        null,
        1,
        null,
        null,
        null
      ],
      "/home/vincent/workspace/arkaan/lib/arkaan/permissions/right.rb": [
        1,
        1,
        null,
        null,
        1,
        1,
        1,
        1,
        null,
        null,
        null,
        1,
        null,
        1,
        null,
        null,
        null
      ]
    },
    "timestamp": 1510403557
  }
}
